[debug] [2024-07-22T20:51:06.011Z] ----------------------------------------------------------------------
[debug] [2024-07-22T20:51:06.015Z] Command:       C:\Program Files\nodejs\node.exe C:\Users\Dominic\AppData\Roaming\npm\node_modules\firebase-tools\lib\bin\firebase.js init
[debug] [2024-07-22T20:51:06.016Z] CLI Version:   13.13.3
[debug] [2024-07-22T20:51:06.016Z] Platform:      win32
[debug] [2024-07-22T20:51:06.016Z] Node Version:  v20.15.1
[debug] [2024-07-22T20:51:06.017Z] Time:          Mon Jul 22 2024 14:51:06 GMT-0600 (hora estándar central)
[debug] [2024-07-22T20:51:06.017Z] ----------------------------------------------------------------------
[debug] 
[debug] [2024-07-22T20:51:06.098Z] > command requires scopes: ["email","openid","https://www.googleapis.com/auth/cloudplatformprojects.readonly","https://www.googleapis.com/auth/firebase","https://www.googleapis.com/auth/cloud-platform"]
[debug] [2024-07-22T20:51:06.099Z] > authorizing via signed-in user (marioleninduarte@gmail.com)
[info] 
     ######## #### ########  ######## ########     ###     ######  ########
     ##        ##  ##     ## ##       ##     ##  ##   ##  ##       ##
     ######    ##  ########  ######   ########  #########  ######  ######
     ##        ##  ##    ##  ##       ##     ## ##     ##       ## ##
     ##       #### ##     ## ######## ########  ##     ##  ######  ########

You're about to initialize a Firebase project in this directory:

  C:\Users\Dominic\Desktop\proyecto final practica\app-quiz

Before we get started, keep in mind:

  * You are initializing within an existing Firebase project directory

[info] 
=== Project Setup
[info] 
[info] First, let's associate this project directory with a Firebase project.
[info] You can create multiple project aliases by running firebase use --add, 
[info] but for now we'll just set up a default project.
[info] 
[debug] [2024-07-22T21:00:00.629Z] Using project from CLI flag: logo-quiz-project
[debug] [2024-07-22T21:00:00.632Z] >>> [apiv2][query] GET https://firebase.googleapis.com/v1beta1/projects/logo-quiz-project [none]
[debug] [2024-07-22T21:00:01.206Z] <<< [apiv2][status] GET https://firebase.googleapis.com/v1beta1/projects/logo-quiz-project 403
[debug] [2024-07-22T21:00:01.207Z] <<< [apiv2][body] GET https://firebase.googleapis.com/v1beta1/projects/logo-quiz-project {"error":{"code":403,"message":"The caller does not have permission","status":"PERMISSION_DENIED"}}
[debug] [2024-07-22T21:00:01.208Z] HTTP Error: 403, The caller does not have permission
[debug] [2024-07-22T21:00:01.210Z] FirebaseError: HTTP Error: 403, The caller does not have permission
    at responseToError (C:\Users\Dominic\AppData\Roaming\npm\node_modules\firebase-tools\lib\responseToError.js:49:12)
    at RetryOperation._fn (C:\Users\Dominic\AppData\Roaming\npm\node_modules\firebase-tools\lib\apiv2.js:305:77)
    at process.processTicksAndRejections (node:internal/process/task_queues:95:5)
[error] 
[error] Error: Failed to get Firebase project logo-quiz-project. Please make sure the project exists and your account has permission to access it.
